make all --print-data-base --no-builtin-variables --no-builtin-rules --question
# GNU Make 4.3
# Built for x86_64-pc-linux-gnu
# Copyright (C) 1988-2020 Free Software Foundation, Inc.
# License GPLv3+: GNU GPL version 3 or later <http://gnu.org/licenses/gpl.html>
# This is free software: you are free to change and redistribute it.
# There is NO WARRANTY, to the extent permitted by law.
 

# Make data base, printed on Sun Jul 24 23:32:16 2022

# Variables

# environment
GDK_BACKEND = x11
# environment
LC_ALL = C
# makefile (from 'make/target_system.mk', line 159)
AR = $(TOOLCHAIN_PREFIX)ar
# makefile (from 'Makefile', line 126)
src_to = $(addprefix $(LIB_OBJS_DIR)/,$(subst .c,$1,$2))
# environment
GJS_DEBUG_OUTPUT = stderr
# environment
VSCODE_IPC_HOOK_EXTHOST = /run/user/1000/vscode-ipc-766ea125-ebe0-438a-b1a8-ab0a18bc6c6c.sock
# environment
VSCODE_CWD = /home/kali
# makefile (from 'Makefile', line 75)
LIB_INCLUDE_DIRS = config hal/inc src/common/inc src/mms/iso_mms/asn1c src/mms/inc src/mms/inc_private src/goose src/sampled_values src/iec61850/inc src/iec61850/inc_private src/logging src/tls
# environment
WINDOWPATH = 2
# makefile (from 'Makefile', line 89)
LIB_INCLUDES = $(addprefix -I,$(LIB_INCLUDE_DIRS))
# environment
LESS_TERMCAP_me = [0m
# makefile (from 'make/target_system.mk', line 15)
POWERPC_TOOLCHAIN_PREFIX = powerpc-linux-gnu-
# environment
GDM_LANG = ru_RU.UTF-8
# default
MAKE_COMMAND := make
# environment
QT_ACCESSIBILITY = 1
# automatic
@D = $(patsubst %/,%,$(dir $@))
# environment
VSCODE_HANDLES_UNCAUGHT_ERRORS = true
# default
.VARIABLES := 
# environment
PWD = /home/kali/Учеба/Грант/libiec61850-1.5
# automatic
%D = $(patsubst %/,%,$(dir $%))
# makefile (from 'Makefile', line 128)
LIB_SOURCES = $(call get_sources,$(LIB_SOURCE_DIRS))
# environment
XDG_DATA_DIRS = /usr/share/gnome:/usr/local/share/:/usr/share/
# environment
OLDPWD = /home/kali
# automatic
^D = $(patsubst %/,%,$(dir $^))
# environment
VSCODE_LOG_STACK = false
# automatic
%F = $(notdir $%)
# environment
VSCODE_CODE_CACHE_PATH = /home/kali/.config/Code/CachedData/30d9c6cd9483b2cc586687151bcbcd635f373630
# environment
LANG = C
# environment
POWERSHELL_UPDATECHECK = Off
# makefile (from 'make/target_system.mk', line 123)
HAL_IMPL = POSIX
# environment
XAUTHORITY = /run/user/1000/gdm/Xauthority
# default
.LOADED := 
# environment
LESS_TERMCAP_md = [1;36m
# default
.INCLUDE_DIRS = /usr/local/include /usr/include /usr/include
# makefile
MAKEFLAGS = pqrR
# environment
LESS_TERMCAP_so = [01;33m
# makefile
CURDIR := /home/kali/Учеба/Грант/libiec61850-1.5
# makefile (from 'make/target_system.mk', line 1)
UNAME := Linux
# environment
VSCODE_PIPE_LOGGING = true
# environment
APPLICATION_INSIGHTS_NO_DIAGNOSTIC_CHANNEL = 1
# automatic
*D = $(patsubst %/,%,$(dir $*))
# environment
LESS_TERMCAP_ue = [0m
# environment
MFLAGS = -pqrR
# environment
SSH_AUTH_SOCK = /run/user/1000/keyring/ssh
# default
.SHELLFLAGS := -c
# automatic
+D = $(patsubst %/,%,$(dir $+))
# environment
XDG_SESSION_DESKTOP = gnome
# makefile (from 'make/target_system.mk', line 1)
MAKEFILE_LIST := Makefile make/target_system.mk
# automatic
@F = $(notdir $@)
# environment
VSCODE_VERBOSE_LOGGING = true
# environment
VSCODE_PID = 3910
# environment
XDG_SESSION_TYPE = x11
# automatic
?D = $(patsubst %/,%,$(dir $?))
# makefile (from 'make/target_system.mk', line 160)
RANLIB = $(TOOLCHAIN_PREFIX)ranlib
# environment
SESSION_MANAGER = local/kali:@/tmp/.ICE-unix/1796,unix/kali:/tmp/.ICE-unix/1796
# automatic
*F = $(notdir $*)
# makefile (from 'make/target_system.mk', line 3)
MIPSEL_TOOLCHAIN_PREFIX = mipsel-openwrt-linux-
# makefile (from 'make/target_system.mk', line 140)
LIB_OBJS_DIR = $(LIBIEC_HOME)/build
# environment
QT_QPA_PLATFORMTHEME = qt5ct
# environment
CHROME_DESKTOP = code-url-handler.desktop
# environment
DBUS_SESSION_BUS_ADDRESS = unix:path=/run/user/1000/bus
# automatic
<D = $(patsubst %/,%,$(dir $<))
# environment
VSCODE_NLS_CONFIG = {"locale":"ru","availableLanguages":{"*":"ru"},"_languagePackId":"4165c719fdf7a78444ed970b4565033b.ru","_translationsConfigFile":"/home/kali/.config/Code/clp/4165c719fdf7a78444ed970b4565033b.ru/tcf.json","_cacheRoot":"/home/kali/.config/Code/clp/4165c719fdf7a78444ed970b4565033b.ru","_resolvedLanguagePackCoreLocation":"/home/kali/.config/Code/clp/4165c719fdf7a78444ed970b4565033b.ru/30d9c6cd9483b2cc586687151bcbcd635f373630","_corruptedFile":"/home/kali/.config/Code/clp/4165c719fdf7a78444ed970b4565033b.ru/corrupted.info","_languagePackSupport":true}
# default
MAKE_HOST := x86_64-pc-linux-gnu
# environment
GNOME_DESKTOP_SESSION_ID = this-is-deprecated
# makefile
SHELL = /bin/sh
# environment
LESS_TERMCAP_us = [1;32m
# default
MAKECMDGOALS := all
# environment
XMODIFIERS = @im=ibus
# makefile (from 'make/target_system.mk', line 9)
UCLINUX_XPORT_TOOLCHAIN_PREFIX = m68k-uclinux-
# environment
GJS_DEBUG_TOPICS = JS ERROR;JS LOG
# environment
SHLVL = 0
# makefile (from 'make/target_system.mk', line 167)
LIB_NAME = $(LIB_OBJS_DIR)/libiec61850.a
# makefile (from 'Makefile', line 122)
LIB_API_HEADER_FILES = hal/inc/hal_time.h  hal/inc/hal_thread.h hal/inc/hal_filesystem.h hal/inc/tls_config.h hal/inc/lib_memory.h hal/inc/hal_base.h src/common/inc/libiec61850_common_api.h src/common/inc/linked_list.h src/iec61850/inc/iec61850_client.h src/iec61850/inc/iec61850_common.h src/iec61850/inc/iec61850_server.h src/iec61850/inc/iec61850_model.h src/iec61850/inc/iec61850_cdc.h src/iec61850/inc/iec61850_dynamic_model.h src/iec61850/inc/iec61850_config_file_parser.h src/mms/inc/mms_value.h src/mms/inc/mms_common.h src/mms/inc/mms_types.h src/mms/inc/mms_type_spec.h src/mms/inc/mms_client_connection.h src/mms/inc/mms_server.h src/mms/inc/iso_connection_parameters.h src/goose/goose_subscriber.h src/goose/goose_receiver.h src/goose/goose_publisher.h src/sampled_values/sv_subscriber.h src/sampled_values/sv_publisher.h src/logging/logging_api.h
# environment
MAKELEVEL := 0
# default
MAKE = $(MAKE_COMMAND)
# environment
PATH = /usr/local/sbin:/usr/sbin:/sbin:/usr/local/bin:/usr/bin:/bin:/usr/local/games:/usr/games:/home/kali/.dotnet/tools
# environment
LESS_TERMCAP_se = [0m
# default
MAKEFILES := 
# automatic
^F = $(notdir $^)
# environment
COMMAND_NOT_FOUND_INSTALL_PROMPT = 1
# makefile (from 'make/target_system.mk', line 128)
LDLIBS = -lpthread
# environment
LESS_TERMCAP_mb = [1;31m
# environment
INVOCATION_ID = d26f89722a0e4f06adee758b05bbc831
# makefile (from 'make/target_system.mk', line 151)
CPP = $(TOOLCHAIN_PREFIX)g++
# makefile (from 'make/target_system.mk', line 8)
UCLINUX_ARM_TOOLCHAIN_PREFIX = arm-uclinux-elf-
# environment
VSCODE_LOG_NATIVE = false
# environment
 
USERNAME = kali
# automatic
?F = $(notdir $?)
# environment
XDG_CURRENT_DESKTOP = GNOME
# environment
LS_COLORS = :ow=30;44:
# automatic
+F = $(notdir $+)
# environment
DESKTOP_SESSION = gnome
# environment
ORIGINAL_XDG_CURRENT_DESKTOP = GNOME
# 'override' directive
GNUMAKEFLAGS := 
# environment
LOGNAME = kali
# makefile (from 'Makefile', line 124)
get_sources_from_directory = $(wildcard $1/*.c)
# environment
GIO_LAUNCHED_DESKTOP_FILE = /usr/share/applications/code.desktop
# makefile (from 'Makefile', line 1)
LIBIEC_HOME = .
# makefile
.DEFAULT_GOAL := all
# environment
SYSTEMD_EXEC_PID = 1815
# environment
DISPLAY = :1
# environment
USER = kali
# environment
GTK_MODULES = gail:atk-bridge
# makefile (from 'Makefile', line 48)
LIB_SOURCE_DIRS = src/mms/iso_acse src/mms/iso_acse/asn1c src/mms/iso_presentation/asn1c  src/mms/iso_presentation src/mms/iso_session src/common src/mms/asn1 src/mms/iso_cotp src/mms/iso_mms/server src/mms/iso_mms/client src/mms/iso_client src/mms/iso_common src/mms/iso_mms/common src/mms/iso_mms/asn1c src/mms/iso_server src/logging src/goose src/sampled_values src/iec61850/client src/iec61850/common src/iec61850/server src/iec61850/server/model src/iec61850/server/mms_mapping src/iec61850/server/impl hal/socket/linux hal/thread/linux hal/ethernet/linux hal/filesystem/linux hal/time/unix hal/serial/linux hal/memory
# default
MAKE_VERSION := 4.3
# 'override' directive
.SHELLSTATUS := 0
# environment
MANAGERPID = 1530
# environment
GIO_LAUNCHED_DESKTOP_FILE_PID = 3910
# environment
SSH_AGENT_PID = 1735
# environment
_ = /usr/share/code/code
# makefile (from 'Makefile', line 125)
get_sources = $(foreach dir, $1, $(call get_sources_from_directory,$(dir)))
# environment
XDG_RUNTIME_DIR = /run/user/1000
# makefile (from 'Makefile', line 147)
CFLAGS = -g  -std=gnu99 -Wno-error=format  -Wstrict-prototypes -Wuninitialized  -Wsign-compare  -Wpointer-arith  -Wnested-externs  -Wmissing-declarations  -Wshadow -Wall -Wextra -Wno-format
# environment
GPG_AGENT_INFO = /run/user/1000/gnupg/S.gpg-agent:0:1
# makefile (from 'Makefile', line 92)
INSTALL_PREFIX = ./.install
# makefile (from 'make/target_system.mk', line 12)
MINGW64_TOOLCHAIN_PREFIX = x86_64-w64-mingw32-
# environment
POWERSHELL_TELEMETRY_OPTOUT = 1
# environment
JOURNAL_STREAM = 8:14003
# makefile (from 'make/target_system.mk', line 10)
MINGW_TOOLCHAIN_PREFIX = i586-mingw32msvc-
# environment
XDG_SESSION_CLASS = user
# environment
VSCODE_AMD_ENTRYPOINT = vs/workbench/api/node/extensionHostProcess
# environment
HOME = /home/kali
# environment
QT_IM_MODULE = ibus
# environment
_JAVA_OPTIONS = -Dawt.useSystemAAFontSettings=on -Dswing.aatext=true
# environment
ELECTRON_RUN_AS_NODE = 1
# environment
VSCODE_IPC_HOOK = /run/user/1000/vscode-f2138f4e-1.68.1-main.sock
# environment
DOTNET_CLI_TELEMETRY_OPTOUT = 1
# default
.RECIPEPREFIX := 
# automatic
<F = $(notdir $<)
# makefile (from 'make/target_system.mk', line 7)
ARM_TOOLCHAIN_PREFIX = arm-linux-gnueabihf-
# makefile (from 'Makefile', line 130)
LIB_OBJS = $(call src_to,.o,$(LIB_SOURCES))
# default
SUFFIXES := 
# makefile (from 'make/target_system.mk', line 19)
TARGET = POSIX
# environment
QT_AUTO_SCREEN_SCALE_FACTOR = 0
# default
.FEATURES := target-specific order-only second-expansion else-if shortest-stem undefine oneshell nocomment grouped-target extra-prereqs archives jobserver output-sync check-symlink load
# makefile (from 'make/target_system.mk', line 150)
CC = $(TOOLCHAIN_PREFIX)gcc
# environment
XDG_MENU_PREFIX = gnome-
# environment
GDMSESSION = gnome
# makefile (from 'make/target_system.mk', line 184)
DYN_LIB_NAME = $(LIB_OBJS_DIR)/libiec61850.so
# makefile (from 'make/target_system.mk', line 146)
DYNLIB_LDFLAGS = -lpthread
# variable set hash-table stats:
# Load=141/1024=14%, Rehash=0, Collisions=52/539=10%

# Pattern-specific Variable Values

# No pattern-specific variable values.

# Directories

# src/mms/iso_session (device 66306, inode 18090138): 3 files, no impossibilities.
# hal/time/unix (device 66306, inode 18220766): 3 files, no impossibilities.
# src/mms/iso_cotp (device 66306, inode 18089907): 3 files, no impossibilities.
# src/iec61850/server (device 66306, inode 18089842): 5 files, no impossibilities.
# hal/ethernet/linux (device 66306, inode 18220650): 3 files, no impossibilities.
# src/mms/iso_presentation (device 66306, inode 18090133): 3 files, no impossibilities.
# hal/memory (device 66306, inode 18219685): 3 files, no impossibilities.
# hal/socket/linux (device 66306, inode 18219695): 3 files, no impossibilities.
# src/mms/iso_acse/asn1c: could not be stat'd.
# src/goose (device 66306, inode 18089804): 10 files, no impossibilities.
# src/mms/iso_acse (device 66306, inode 18089901): 3 files, no impossibilities.
# hal/serial/linux (device 66306, inode 18219688): 3 files, no impossibilities.
# src/mms/asn1 (device 66306, inode 18089867): 6 files, no impossibilities.
# src/common (device 66306, inode 17433170): 12 files, no impossibilities.
# src/logging (device 66306, inode 18089859): 5 files, no impossibilities.
# hal/filesystem/linux (device 66306, inode 18219669): 3 files, no impossibilities.
# . (device 66306, inode 16783637): 13 files, no impossibilities.
# src/iec61850/server/impl (device 66306, inode 18089843): 5 files, no impossibilities.
# src/iec61850/server/mms_mapping (device 66306, inode 18089847): 8 files, no impossibilities.
# src/mms/iso_mms/common (device 66306, inode 18090108): 5 files, no impossibilities.
# src/iec61850/client (device 66306, inode 18089814): 8 files, no impossibilities.
# src/mms/iso_mms/client (device 66306, inode 18090095): 14 files, no impossibilities.
# src/mms/iso_mms/asn1c (device 66306, inode 18089910): 186 files, no impossibilities.
# src/iec61850/common (device 66306, inode 18089821): 3 files, no impossibilities.
# src/mms/iso_mms/server (device 66306, inode 18090112): 22 files, no impossibilities.
# src/mms/iso_presentation/asn1c: could not be stat'd.
# src/sampled_values (device 66306, inode 18090140): 6 files, no impossibilities.
# src/iec61850/server/model (device 66306, inode 18089854): 6 files, no impossibilities.
# hal/thread/linux (device 66306, inode 18219702): 3 files, no impossibilities.
# src/mms/iso_server (device 66306, inode 18090135): 4 files, no impossibilities.
# src/mms/iso_common (device 66306, inode 18089905): 3 files, no impossibilities.
# src/mms/iso_client (device 66306, inode 18089903): 3 files, no impossibilities.

# 357 files, no impossibilities in 32 directories.

# Implicit Rules

build/%.o: %.c config
#  recipe to execute (from 'Makefile', line 178):
	@echo compiling $(notdir $<)
	$(SILENCE)mkdir -p $(dir $@)
	$(CC) $(CFLAGS) -c $(LIB_INCLUDES) $(OUTPUT_OPTION) $<
	

# 1 implicit rules, 0 (0.0%) terminal.
# Files

# Not a target:
build/src/mms/iso_mms/client/mms_client_read.o:
#  Implicit rule search has not been done.
#  Modification time never checked.
#  File has not been updated.

# Not a target:
build/src/mms/iso_mms/asn1c/ConfirmedRequestPdu.o:
#  Implicit rule search has not been done.
#  Modification time never checked.
#  File has not been updated.

# Not a target:
build/src/mms/asn1/ber_decode.o:
#  Implicit rule search has not been done.
#  Modification time never checked.
#  File has not been updated.

# Not a target:
build/src/mms/iso_mms/client/mms_client_initiate.o:
#  Implicit rule search has not been done.
#  Modification time never checked.
#  File has not been updated.

# Not a target:
build/src/mms/iso_mms/asn1c/GetVariableAccessAttributesResponse.o:
#  Implicit rule search has not been done.
#  Modification time never checked.
#  File has not been updated.

# Not a target:
build/src/goose/goose_subscriber.o:
#  Implicit rule search has not been done.
#  Modification time never checked.
#  File has not been updated.

# Not a target:
build/src/mms/iso_mms/asn1c/AlternateAccess.o:
#  Implicit rule search has not been done.
#  Modification time never checked.
#  File has not been updated.

# Not a target:
build/src/mms/iso_mms/server/mms_journal.o:
#  Implicit rule search has not been done.
#  Modification time never checked.
#  File has not been updated.

# Not a target:
build/src/mms/iso_mms/asn1c/constraints.o:
#  Implicit rule search has not been done.
#  Modification time never checked.
#  File has not been updated.

# Not a target:
build/src/mms/iso_mms/client/mms_client_identify.o:
#  Implicit rule search has not been done.
#  Modification time never checked.
#  File has not been updated.

# Not a target:
build/src/mms/iso_mms/asn1c/per_encoder.o:
#  Implicit rule search has not been done.
#  Modification time never checked.
#  File has not been updated.

# Not a target:
build/src/iec61850/server/model/cdc.o:
#  Implicit rule search has not been done.
#  Modification time never checked.
#  File has not been updated.

# Not a target:
build/src/common/conversions.o:
#  Implicit rule search has not been done.
#  Modification time never checked.
#  File has not been updated.

# Not a target:
build/src/mms/iso_mms/asn1c/NativeInteger.o:
#  Implicit rule search has not been done.
#  Modification time never checked.
#  File has not been updated.

# Not a target:
build/src/mms/iso_mms/asn1c/GetVariableAccessAttributesRequest.o:
#  Implicit rule search has not been done.
#  Modification time never checked.
#  File has not been updated.

# Not a target:
build/src/iec61850/common/iec61850_common.o:
#  Implicit rule search has not been done.
#  Modification time never checked.
#  File has not been updated.

# Not a target:
build/src/goose/goose_publisher.o:
#  Implicit rule search has not been done.
#  Modification time never checked.
#  File has not been updated.

# Not a target:
build/hal/serial/linux/serial_port_linux.o:
#  Implicit rule search has not been done.
#  Modification time never checked.
#  File has not been updated.

# Not a target:
build/src/iec61850/server/mms_mapping/mms_mapping.o:
#  Implicit rule search has not been done.
#  Modification time never checked.
#  File has not been updated.

# Not a target:
build/src/mms/iso_mms/asn1c/DataAccessError.o:
#  Implicit rule search has not been done.
#  Modification time never checked.
#  File has not been updated.

# Not a target:
build/src/mms/iso_mms/asn1c/xer_support.o:
#  Implicit rule search has not been done.
#  Modification time never checked.
#  File has not been updated.

# Not a target:
build/src/mms/iso_mms/asn1c/ber_decoder.o:
#  Implicit rule search has not been done.
#  Modification time never checked.
#  File has not been updated.

# Not a target:
 
build/src/mms/iso_mms/asn1c/NULL.o:
#  Implicit rule search has not been done.
#  Modification time never checked.
#  File has not been updated.

# Not a target:
build/src/mms/iso_mms/client/mms_client_named_variable_list.o:
#  Implicit rule search has not been done.
#  Modification time never checked.
#  File has not been updated.

# Not a target:
build/src/mms/iso_mms/asn1c/ListOfVariableSeq.o:
#  Implicit rule search has not been done.
#  Modification time never checked.
#  File has not been updated.

# Not a target:
build/src/mms/iso_server/iso_server.o:
#  Implicit rule search has not been done.
#  Modification time never checked.
#  File has not been updated.

# Not a target:
build/src/mms/iso_mms/common/mms_common_msg.o:
#  Implicit rule search has not been done.
#  Modification time never checked.
#  File has not been updated.

# Not a target:
build/hal/filesystem/linux/file_provider_linux.o:
#  Implicit rule search has not been done.
#  Modification time never checked.
#  File has not been updated.

# Not a target:
build/src/mms/iso_mms/asn1c/ReadResponse.o:
#  Implicit rule search has not been done.
#  Modification time never checked.
#  File has not been updated.

# Not a target:
build/src/mms/iso_mms/asn1c/Address.o:
#  Implicit rule search has not been done.
#  Modification time never checked.
#  File has not been updated.

# Not a target:
build/src/mms/iso_mms/asn1c/InitiateResponsePdu.o:
#  Implicit rule search has not been done.
#  Modification time never checked.
#  File has not been updated.

# Not a target:
build/src/mms/iso_mms/asn1c/TimeOfDay.o:
#  Implicit rule search has not been done.
#  Modification time never checked.
#  File has not been updated.

# Not a target:
build/src/mms/iso_mms/asn1c/InformationReport.o:
#  Implicit rule search has not been done.
#  Modification time never checked.
#  File has not been updated.

# Not a target:
build/src/common/mem_alloc_linked_list.o:
#  Implicit rule search has not been done.
#  Modification time never checked.
#  File has not been updated.

# Not a target:
build/src/mms/iso_mms/asn1c/xer_decoder.o:
#  Implicit rule search has not been done.
#  Modification time never checked.
#  File has not been updated.

# Not a target:
build/src/iec61850/server/mms_mapping/reporting.o:
#  Implicit rule search has not been done.
#  Modification time never checked.
#  File has not been updated.

# Not a target:
build/src/mms/iso_common/iso_connection_parameters.o:
#  Implicit rule search has not been done.
#  Modification time never checked.
#  File has not been updated.

# Not a target:
build/src/mms/iso_mms/server/mms_association_service.o:
#  Implicit rule search has not been done.
#  Modification time never checked.
#  File has not been updated.

# Not a target:
build/src/mms/iso_mms/asn1c/Integer16.o:
#  Implicit rule search has not been done.
#  Modification time never checked.
#  File has not been updated.

# Not a target:
build/src/mms/iso_mms/asn1c/Unsigned16.o:
#  Implicit rule search has not been done.
#  Modification time never checked.
#  File has not been updated.

# Not a target:
build/src/mms/iso_mms/server/mms_server_common.o:
#  Implicit rule search has not been done.
#  Modification time never checked.
#  File has not been updated.

# Not a target:
build/src/mms/iso_mms/server/mms_read_service.o:
#  Implicit rule search has not been done.
#  Modification time never checked.
#  File has not been updated.

# Not a target:
build/src/mms/iso_mms/asn1c/OCTET_STRING.o:
#  Implicit rule search has not been done.
#  Modification time never checked.
#  File has not been updated.

# Not a target:
build/src/mms/iso_mms/asn1c/Unsigned32.o:
#  Implicit rule search has not been done.
#  Modification time never checked.
#  File has not been updated.

# Not a target:
Makefile:
#  Implicit rule search has been done.
#  Last modified 2022-06-10 14:08:15
#  File has been updated.
#  Successfully updated.

# Not a target:
build/src/mms/iso_mms/client/mms_client_get_var_access.o:
#  Implicit rule search has not been done.
#  Modification time never checked.
#  File has not been updated.

# Not a target:
build/src/mms/iso_mms/asn1c/WriteResponse.o:
#  Implicit rule search has not been done.
#  Modification time never checked.
#  File has not been updated.

lib: build/libiec61850.a
#  Implicit rule search has been done.
#  File does not exist.
#  File has been updated.
#  Needs to be updated (-q is set).
# variable set hash-table stats:
# Load=0/32=0%, Rehash=0, Collisions=0/10=0%

# Not a target:
build/src/mms/iso_mms/server/mms_value_cache.o:
#  Implicit rule search has not been done.
#  Modification time never checked.
#  File has not been updated.

# Not a target:
build/src/mms/iso_mms/asn1c/DataSequence.o:
#  Implicit rule search has not been done.
#  Modification time never checked.
#  File has not been updated.

# Not a target:
build/src/mms/iso_mms/asn1c/VisibleString.o:
#  Implicit rule search has not been done.
#  Modification time never checked.
#  File has not been updated.

# Not a target:
build/src/mms/iso_mms/server/mms_identify_service.o:
#  Implicit rule search has not been done.
#  Modification time never checked.
#  File has not been updated.

# Not a target:
build/src/mms/iso_client/iso_client_connection.o:
#  Implicit rule search has not been done.
#  Modification time never checked.
#  File has not been updated.

# Not a target:
build/src/mms/iso_mms/asn1c/INTEGER.o:
#  Implicit rule search has not been done.
#  Modification time never checked.
#  File has not been updated.

# Not a target:
build/src/mms/iso_mms/asn1c/ParameterSupportOptions.o:
#  Implicit rule search has not been done.
#  Modification time never checked.
#  File has not been updated.

# Not a target:
build/src/mms/iso_mms/asn1c/constr_SEQUENCE_OF.o:
#  Implicit rule search has not been done.
#  Modification time never checked.
#  File has not been updated.

# Not a target:
build/src/mms/iso_mms/client/mms_client_connection.o:
#  Implicit rule search has not been done.
#  Modification time never checked.
#  File has not been updated.

# Not a target:
build/src/logging/log_storage.o:
#  Implicit rule search has not been done.
#  Modification time never checked.
#  File has not been updated.

# Not a target:
build/src/mms/iso_mms/asn1c/ConfirmedServiceResponse.o:
#  Implicit rule search has not been done.
#  Modification time never checked.
#  File has not been updated.

# Not a target:
build/src/iec61850/server/mms_mapping/mms_sv.o:
#  Implicit rule search has not been done.
#  Modification time never checked.
#  File has not been updated.

# Not a target:
build/src/mms/iso_mms/client/mms_client_status.o:
#  Implicit rule search has not been done.
#  Modification time never checked.
#  File has not been updated.

# Not a target:
build/src/iec61850/server/mms_mapping/mms_goose.o:
#  Implicit rule search has not been done.
#  Modification time never checked.
#  File has not been updated.

# Not a target:
build/src/sampled_values/sv_publisher.o:
#  Implicit rule search has not been done.
#  Modification time never checked.
#  File has not been updated.

static_checks: lib
#  Implicit rule search has not been done.
#  Modification time never checked.
#  File has not been updated.
#  recipe to execute (from 'Makefile', line 154):
	splint -preproc +posixlib +skip-sys-headers +gnuextensions $(LIB_INCLUDES) $(LIB_SOURCES)

# Not a target:
build/src/mms/iso_mms/asn1c/ber_tlv_length.o:
#  Implicit rule search has not been done.
#  Modification time never checked.
#  File has not been updated.

# Not a target:
build/src/mms/iso_mms/server/mms_status_service.o:
#  Implicit rule search has not been done.
#  Modification time never checked.
#  File has not been updated.

# Not a target:
build/src/mms/iso_mms/asn1c/InitiateRequestPdu.o:
#  Implicit rule search has not been done.
#  Modification time never checked.
#  File has not been updated.

# Not a target:
build/src/common/byte_buffer.o:
#  Implicit rule search has not been done.
#  Modification time never checked.
#  File has not been updated.

# Not a target:
build/src/common/simple_allocator.o:
#  Implicit rule search has not been done.
#  Modification time never checked.
#  File has not been updated.

# Not a target:
build/src/mms/iso_server/iso_connection.o:
#  Implicit rule search has not been done.
#  Modification time never checked.
#  File has not been updated.

clean:
#  Implicit rule search has not been done.
 
#  Modification time never checked.
#  File has not been updated.
#  recipe to execute (from 'Makefile', line 189):
	rm -f $(EXAMPLES)
	rm -rf $(LIB_OBJS_DIR)

# Not a target:
build/src/iec61850/server/impl/ied_server_config.o:
#  Implicit rule search has not been done.
#  Modification time never checked.
#  File has not been updated.

# Not a target:
build/src/mms/iso_mms/common/mms_value.o:
#  Implicit rule search has not been done.
#  Modification time never checked.
#  File has not been updated.

# Not a target:
build/src/common/string_utilities.o:
#  Implicit rule search has not been done.
#  Modification time never checked.
#  File has not been updated.

# Not a target:
build/src/mms/iso_mms/asn1c/AccessResult.o:
#  Implicit rule search has not been done.
#  Modification time never checked.
#  File has not been updated.

# Not a target:
build/src/mms/iso_mms/server/mms_named_variable_list.o:
#  Implicit rule search has not been done.
#  Modification time never checked.
#  File has not been updated.

# Not a target:
build/src/mms/iso_mms/asn1c/UnconfirmedService.o:
#  Implicit rule search has not been done.
#  Modification time never checked.
#  File has not been updated.

# Not a target:
build/src/iec61850/client/client_report.o:
#  Implicit rule search has not been done.
#  Modification time never checked.
#  File has not been updated.

# Not a target:
build/src/mms/iso_cotp/cotp.o:
#  Implicit rule search has not been done.
#  Modification time never checked.
#  File has not been updated.

# Not a target:
build/src/mms/iso_mms/server/mms_journal_service.o:
#  Implicit rule search has not been done.
#  Modification time never checked.
#  File has not been updated.

# Not a target:
build/src/mms/iso_session/iso_session.o:
#  Implicit rule search has not been done.
#  Modification time never checked.
#  File has not been updated.

# Not a target:
build/src/mms/iso_mms/asn1c/GetNamedVariableListAttributesResponse.o:
#  Implicit rule search has not been done.
#  Modification time never checked.
#  File has not been updated.

# Not a target:
build/src/mms/iso_mms/asn1c/per_decoder.o:
#  Implicit rule search has not been done.
#  Modification time never checked.
#  File has not been updated.

# Not a target:
build/src/mms/iso_mms/asn1c/FloatingPoint.o:
#  Implicit rule search has not been done.
#  Modification time never checked.
#  File has not been updated.

# Not a target:
build/src/mms/iso_mms/asn1c/UtcTime.o:
#  Implicit rule search has not been done.
#  Modification time never checked.
#  File has not been updated.

# Not a target:
build/src/iec61850/server/mms_mapping/control.o:
#  Implicit rule search has not been done.
#  Modification time never checked.
#  File has not been updated.

# Not a target:
build/src/mms/iso_mms/common/mms_type_spec.o:
#  Implicit rule search has not been done.
#  Modification time never checked.
#  File has not been updated.

# Not a target:
build/src/mms/iso_mms/asn1c/ConcludeResponsePDU.o:
#  Implicit rule search has not been done.
#  Modification time never checked.
#  File has not been updated.

# Not a target:
build/src/iec61850/client/client_sv_control.o:
#  Implicit rule search has not been done.
#  Modification time never checked.
#  File has not been updated.

# Not a target:
build/src/mms/iso_mms/asn1c/BIT_STRING.o:
#  Implicit rule search has not been done.
#  Modification time never checked.
#  File has not been updated.

# Not a target:
build/src/mms/iso_mms/asn1c/ServiceSupportOptions.o:
#  Implicit rule search has not been done.
#  Modification time never checked.
#  File has not been updated.

# Not a target:
build/src/iec61850/server/impl/ied_server.o:
#  Implicit rule search has not been done.
#  Modification time never checked.
#  File has not been updated.

# Not a target:
build/hal/thread/linux/thread_linux.o:
#  Implicit rule search has not been done.
#  Modification time never checked.
#  File has not been updated.

# Not a target:
build/src/mms/iso_mms/asn1c/asn_codecs_prim.o:
#  Implicit rule search has not been done.
#  Modification time never checked.
#  File has not been updated.

# Not a target:
build/src/mms/iso_mms/asn1c/ScatteredAccessDescription.o:
#  Implicit rule search has not been done.
#  Modification time never checked.
#  File has not been updated.

# Not a target:
build/src/iec61850/server/mms_mapping/logging.o:
#  Implicit rule search has not been done.
#  Modification time never checked.
#  File has not been updated.

# Not a target:
build/src/mms/iso_mms/asn1c/StructComponent.o:
#  Implicit rule search has not been done.
#  Modification time never checked.
#  File has not been updated.

# Not a target:
build/src/mms/iso_mms/asn1c/GeneralizedTime.o:
#  Implicit rule search has not been done.
#  Modification time never checked.
#  File has not been updated.

# Not a target:
build/src/mms/iso_mms/client/mms_client_common.o:
#  Implicit rule search has not been done.
#  Modification time never checked.
#  File has not been updated.

# Not a target:
config:
#  Implicit rule search has been done.
#  Last modified 2022-06-10 14:08:15
#  File has been updated.
#  Successfully updated.

# Not a target:
build/src/mms/iso_mms/server/mms_get_var_access_service.o:
#  Implicit rule search has not been done.
#  Modification time never checked.
#  File has not been updated.

# Not a target:
build/src/mms/iso_mms/asn1c/GetNamedVariableListAttributesRequest.o:
#  Implicit rule search has not been done.
#  Modification time never checked.
#  File has not been updated.

# Not a target:
build/src/iec61850/client/client_goose_control.o:
#  Implicit rule search has not been done.
#  Modification time never checked.
#  File has not been updated.

# Not a target:
build/src/mms/iso_mms/asn1c/MmsPdu.o:
#  Implicit rule search has not been done.
#  Modification time never checked.
#  File has not been updated.

# Not a target:
build/src/mms/iso_mms/asn1c/VariableSpecification.o:
#  Implicit rule search has not been done.
#  Modification time never checked.
#  File has not been updated.

# Not a target:
build/src/mms/iso_mms/client/mms_client_journals.o:
#  Implicit rule search has not been done.
#  Modification time never checked.
#  File has not been updated.

# Not a target:
build/src/iec61850/server/model/model.o:
#  Implicit rule search has not been done.
#  Modification time never checked.
#  File has not been updated.

# Not a target:
build/src/common/buffer_chain.o:
#  Implicit rule search has not been done.
#  Modification time never checked.
#  File has not been updated.

# Not a target:
build/src/mms/iso_mms/asn1c/ConfirmedErrorPDU.o:
#  Implicit rule search has not been done.
#  Modification time never checked.
#  File has not been updated.

# Not a target:
build/src/mms/iso_mms/asn1c/ConcludeRequestPDU.o:
#  Implicit rule search has not been done.
#  Modification time never checked.
#  File has not been updated.

# Not a target:
.DEFAULT:
#  Implicit rule search has not been done.
#  Modification time never checked.
#  File has not been updated.

# Not a target:
build/src/mms/iso_mms/asn1c/GetNameListResponse.o:
#  Implicit rule search has not been done.
#  Modification time never checked.
#  File has not been updated.

# Not a target:
build/src/mms/iso_mms/asn1c/asn_SEQUENCE_OF.o:
#  Implicit rule search has not been done.
#  Modification time never checked.
#  File has not been updated.

all: lib
#  Command line target.
#  Implicit rule search has been done.
#  File does not exist.
#  File has been updated.
#  Needs to be updated (-q is set).
# variable set hash-table stats:
# Load=0/32=0%, Rehash=0, Collisions=0/10=0%

# Not a target:
build/src/mms/iso_mms/asn1c/asn_SET_OF.o:
#  Implicit rule search has not been done.
#  Modification time never checked.
#  File has not been updated.

# Not a target:
build/src/mms/iso_mms/asn1c/Integer8.o:
#  Implicit rule search has not been done.
#  Modification time never checked.
#  File has not been updated.

# Not a target:
build/src/mms/iso_mms/asn1c/InitResponseDetail.o:
#  Implicit rule search has not been done.
#  Modification time never checked.
#  File has not been updated.

# Not a target:
build/src/mms/iso_mms/asn1c/WriteRequest.o:
 
#  Implicit rule search has not been done.
#  Modification time never checked.
#  File has not been updated.

examples:
#  Phony target (prerequisite of .PHONY).
#  Implicit rule search has not been done.
#  File does not exist.
#  File has not been updated.
#  recipe to execute (from 'Makefile', line 168):
	cd examples; $(MAKE)

# Not a target:
build/src/iec61850/client/client_report_control.o:
#  Implicit rule search has not been done.
#  Modification time never checked.
#  File has not been updated.

# Not a target:
build/hal/memory/lib_memory.o:
#  Implicit rule search has not been done.
#  Modification time never checked.
#  File has not been updated.

# Not a target:
build/src/mms/iso_mms/server/mms_named_variable_list_service.o:
#  Implicit rule search has not been done.
#  Modification time never checked.
#  File has not been updated.

# Not a target:
build/src/mms/iso_mms/client/mms_client_files.o:
#  Implicit rule search has not been done.
#  Modification time never checked.
#  File has not been updated.

# Not a target:
make/target_system.mk:
#  Implicit rule search has been done.
#  Last modified 2022-06-10 14:08:15
#  File has been updated.
#  Successfully updated.

build/src/mms/iso_acse/acse.o: src/mms/iso_acse/acse.c config
#  Implicit rule search has been done.
#  Implicit/static pattern stem: 'src/mms/iso_acse/acse'
#  File does not exist.
#  File has been updated.
#  Needs to be updated (-q is set).
# automatic
# @ := build/src/mms/iso_acse/acse.o
# automatic
# * := src/mms/iso_acse/acse
# automatic
# < := src/mms/iso_acse/acse.c
# automatic
# + := src/mms/iso_acse/acse.c config
# automatic
# % := 
# automatic
# ^ := src/mms/iso_acse/acse.c config
# automatic
# ? := src/mms/iso_acse/acse.c config
# automatic
# | := 
# variable set hash-table stats:
# Load=8/32=25%, Rehash=0, Collisions=2/21=10%
#  recipe to execute (from 'Makefile', line 178):
	@echo compiling $(notdir $<)
	$(SILENCE)mkdir -p $(dir $@)
	$(CC) $(CFLAGS) -c $(LIB_INCLUDES) $(OUTPUT_OPTION) $<
	

# Not a target:
build/src/mms/iso_mms/asn1c/RejectPDU.o:
#  Implicit rule search has not been done.
#  Modification time never checked.
#  File has not been updated.

# Not a target:
build/src/mms/iso_mms/server/mms_access_result.o:
#  Implicit rule search has not been done.
#  Modification time never checked.
#  File has not been updated.

# Not a target:
build/src/iec61850/client/client_control.o:
#  Implicit rule search has not been done.
#  Modification time never checked.
#  File has not been updated.

# Not a target:
build/src/common/string_map.o:
#  Implicit rule search has not been done.
#  Modification time never checked.
#  File has not been updated.

# Not a target:
build/src/mms/iso_mms/asn1c/xer_encoder.o:
#  Implicit rule search has not been done.
#  Modification time never checked.
#  File has not been updated.

# Not a target:
build/src/mms/iso_mms/server/mms_get_namelist_service.o:
#  Implicit rule search has not been done.
#  Modification time never checked.
#  File has not been updated.

# Not a target:
build/hal/time/unix/time.o:
#  Implicit rule search has not been done.
#  Modification time never checked.
#  File has not been updated.

# Not a target:
build/src/mms/iso_mms/server/mms_file_service.o:
#  Implicit rule search has not been done.
#  Modification time never checked.
#  File has not been updated.

# Not a target:
build/src/mms/iso_mms/asn1c/Identifier.o:
#  Implicit rule search has not been done.
#  Modification time never checked.
#  File has not been updated.

# Not a target:
build/src/mms/iso_mms/asn1c/UTF8String.o:
#  Implicit rule search has not been done.
#  Modification time never checked.
#  File has not been updated.

# Not a target:
build/src/mms/iso_mms/server/mms_device.o:
#  Implicit rule search has not been done.
#  Modification time never checked.
#  File has not been updated.

# Not a target:
build/src/iec61850/client/ied_connection.o:
#  Implicit rule search has not been done.
#  Modification time never checked.
#  File has not been updated.

# Not a target:
build/src/mms/iso_mms/asn1c/constr_SEQUENCE.o:
#  Implicit rule search has not been done.
#  Modification time never checked.
#  File has not been updated.

# Not a target:
build/src/mms/iso_mms/client/mms_client_get_namelist.o:
#  Implicit rule search has not been done.
#  Modification time never checked.
#  File has not been updated.

# Not a target:
build/src/mms/iso_mms/asn1c/ObjectClass.o:
#  Implicit rule search has not been done.
#  Modification time never checked.
#  File has not been updated.

# Not a target:
src/mms/iso_acse/acse.c:
#  Implicit rule search has been done.
#  Last modified 2022-07-20 20:52:38.056897893
#  File has been updated.
#  Successfully updated.

# Not a target:
build/src/mms/iso_mms/asn1c/AlternateAccessSelection.o:
#  Implicit rule search has not been done.
#  Modification time never checked.
#  File has not been updated.

# Not a target:
build/src/mms/iso_mms/asn1c/per_support.o:
#  Implicit rule search has not been done.
#  Modification time never checked.
#  File has not been updated.

build/libiec61850.so: build/src/mms/iso_acse/acse.o build/src/mms/iso_presentation/iso_presentation.o build/src/mms/iso_session/iso_session.o build/src/common/buffer_chain.o build/src/common/byte_buffer.o build/src/common/conversions.o build/src/common/linked_list.o build/src/common/map.o build/src/common/mem_alloc_linked_list.o build/src/common/simple_allocator.o build/src/common/string_map.o build/src/common/string_utilities.o build/src/mms/asn1/asn1_ber_primitive_value.o build/src/mms/asn1/ber_decode.o build/src/mms/asn1/ber_encoder.o build/src/mms/asn1/ber_integer.o build/src/mms/iso_cotp/cotp.o build/src/mms/iso_mms/server/mms_access_result.o build/src/mms/iso_mms/server/mms_association_service.o build/src/mms/iso_mms/server/mms_device.o build/src/mms/iso_mms/server/mms_domain.o build/src/mms/iso_mms/server/mms_file_service.o build/src/mms/iso_mms/server/mms_get_namelist_service.o build/src/mms/iso_mms/server/mms_get_var_access_service.o build/src/mms/iso_mms/server/mms_identify_service.o build/src/mms/iso_mms/server/mms_information_report.o build/src/mms/iso_mms/server/mms_journal.o build/src/mms/iso_mms/server/mms_journal_service.o build/src/mms/iso_mms/server/mms_named_variable_list.o build/src/mms/iso_mms/server/mms_named_variable_list_service.o build/src/mms/iso_mms/server/mms_read_service.o build/src/mms/iso_mms/server/mms_server.o build/src/mms/iso_mms/server/mms_server_common.o build/src/mms/iso_mms/server/mms_server_connection.o build/src/mms/iso_mms/server/mms_status_service.o build/src/mms/iso_mms/server/mms_value_cache.o build/src/mms/iso_mms/server/mms_write_service.o build/src/mms/iso_mms/client/mms_client_common.o build/src/mms/iso_mms/client/mms_client_connection.o build/src/mms/iso_mms/client/mms_client_files.o build/src/mms/iso_mms/client/mms_client_get_namelist.o build/src/mms/iso_mms/client/mms_client_get_var_access.o build/src/mms/iso_mms/client/mms_client_identify.o build/src/mms/iso_mms/client/mms_client_initiate.o build/src/mms/iso_mms/client/mms_client_journals.o build/src/mms/iso_mms/client/mms_client_named_variable_list.o build/src/mms/iso_mms/client/mms_client_read.o build/src/mms/iso_mms/client/mms_client_status.o build/src/mms/iso_mms/client/mms_client_write.o build/src/mms/iso_client/iso_client_connection.o build/src/mms/iso_common/iso_connection_parameters.o build/src/mms/iso_mms/common/mms_common_msg.o build/src/mms/iso_mms/common/mms_type_spec.o build/src/mms/iso_mms/common/mms_value.o build/src/mms/iso_mms/asn1c/AccessResult.o build/src/mms/iso_mms/asn1c/Address.o build/src/mms/iso_mms/asn1c/AlternateAccess.o build/src/mms/iso_mms/asn1c/AlternateAccessSelection.o build/src/mms/iso_mms/asn1c/BIT_STRING.o build/src/mms/iso_mms/asn1c/BOOLEAN.o build/src/mms/iso_mms/asn1c/ConcludeRequestPDU.o build/src/mms/iso_mms/asn1c/ConcludeResponsePDU.o build/src/mms/iso_mms/asn1c/ConfirmedErrorPDU.o build/src/mms/iso_mms/asn1c/ConfirmedRequestPdu.o build/src/mms/iso_mms/asn1c/ConfirmedResponsePdu.o build/src/mms/iso_mms/asn1c/ConfirmedServiceRequest.o build/src/mms/iso_mms/asn1c/ConfirmedServiceResponse.o build/src/mms/iso_mms/asn1c/Data.o build/src/mms/iso_mms/asn1c/DataAccessError.o build/src/mms/iso_mms/asn1c/DataSequence.o build/src/mms/iso_mms/asn1c/DefineNamedVariableListRequest.o build/src/mms/iso_mms/asn1c/DefineNamedVariableListResponse.o build/src/mms/iso_mms/asn1c/DeleteNamedVariableListRequest.o build/src/mms/iso_mms/asn1c/DeleteNamedVariableListResponse.o build/src/mms/iso_mms/asn1c/FloatingPoint.o build/src/mms/iso_mms/asn1c/GeneralizedTime.o build/src/mms/iso_mms/asn1c/GetNameListRequest.o build/src/mms/iso_mms/asn1c/GetNameListResponse.o build/src/mms/iso_mms/asn1c/GetNamedVariableListAttributesRequest.o build/src/mms/iso_mms/asn1c/GetNamedVariableListAttributesResponse.o build/src/mms/iso_mms/asn1c/GetVariableAccessAttributesRequest.o build/src/mms/iso_mms/asn1c/GetVariableAccessAttributesResponse.o build/src/mms/iso_mms/asn1c/INTEGER.o build/src/mms/iso_mms/asn1c/Identifier.o build/src/mms/iso_mms/asn1c/IndexRangeSeq.o build/src/mms/iso_mms/asn1c/InformationReport.o build/src/mms/iso_mms/asn1c/InitRequestDetail.o build/src/mms/iso_mms/asn1c/InitResponseDetail.o build/src/mms/iso_mms/asn1c/InitiateErrorPdu.o build/src/mms/iso_mms/asn1c/InitiateRequestPdu.o build/src/mms/iso_mms/asn1c/InitiateResponsePdu.o build/src/mms/iso_mms/asn1c/Integer16.o build/src/mms/iso_mms/asn1c/Integer32.o build/src/mms/iso_mms/asn1c/Integer8.o build/src/mms/iso_mms/asn1c/ListOfVariableSeq.o build/src/mms/iso_mms/asn1c/MMSString.o build/src/mms/iso_mms/asn1c/MmsPdu.o build/src/mms/iso_mms/asn1c/NULL.o build/src/mms/iso_mms/asn1c/NativeEnumerated.o build/src/mms/iso_mms/asn1c/NativeInteger.o build/src/mms/iso_mms/asn1c/OCTET_STRING.o build/src/mms/iso_mms/asn1c/ObjectClass.o build/src/mms/iso_mms/asn1c/ObjectName.o build/src/mms/iso_mms/asn1c/ParameterSupportOptions.o build/src/mms/iso_mms/asn1c/ReadRequest.o build/src/mms/iso_mms/asn1c/ReadResponse.o build/src/mms/iso_mms/asn1c/RejectPDU.o build/src/mms/iso_mms/asn1c/ScatteredAccessDescription.o build/src/mms/iso_mms/asn1c/ServiceError.o build/src/mms/iso_mms/asn1c/ServiceSupportOptions.o build/src/mms/iso_mms/asn1c/StructComponent.o build/src/mms/iso_mms/asn1c/TimeOfDay.o build/src/mms/iso_mms/asn1c/TypeSpecification.o build/src/mms/iso_mms/asn1c/UTF8String.o build/src/mms/iso_mms/asn1c/UnconfirmedPDU.o build/src/mms/iso_mms/asn1c/UnconfirmedService.o build/src/mms/iso_mms/asn1c/Unsigned16.o build/src/mms/iso_mms/asn1c/Unsigned32.o build/src/mms/iso_mms/asn1c/Unsigned8.o build/src/mms/iso_mms/asn1c/UtcTime.o build/src/mms/iso_mms/asn1c/VariableAccessSpecification.o build/src/mms/iso_mms/asn1c/VariableSpecification.o build/src/mms/iso_mms/asn1c/VisibleString.o build/src/mms/iso_mms/asn1c/WriteRequest.o build/src/mms/iso_mms/asn1c/WriteResponse.o build/src/mms/iso_mms/asn1c/asn_SEQUENCE_OF.o build/src/mms/iso_mms/asn1c/asn_SET_OF.o build/src/mms/iso_mms/asn1c/asn_codecs_prim.o build/src/mms/iso_mms/asn1c/ber_decoder.o build/src/mms/iso_mms/asn1c/ber_tlv_length.o build/src/mms/iso_mms/asn1c/ber_tlv_tag.o build/src/mms/iso_mms/asn1c/constr_CHOICE.o build/src/mms/iso_mms/asn1c/constr_SEQUENCE.o build/src/mms/iso_mms/asn1c/constr_SEQUENCE_OF.o build/src/mms/iso_mms/asn1c/constr_SET_OF.o build/src/mms/iso_mms/asn1c/constr_TYPE.o build/src/mms/iso_mms/asn1c/constraints.o build/src/mms/iso_mms/asn1c/der_encoder.o build/src/mms/iso_mms/asn1c/per_decoder.o build/src/mms/iso_mms/asn1c/per_encoder.o build/src/mms/iso_mms/asn1c/per_support.o build/src/mms/iso_mms/asn1c/xer_decoder.o build/src/mms/iso_mms/asn1c/xer_encoder.o build/src/mms/iso_mms/asn1c/xer_support.o build/src/mms/iso_server/iso_connection.o build/src/mms/iso_server/iso_server.o build/src/logging/log_storage.o build/src/goose/goose_publisher.o build/src/goose/goose_receiver.o build/src/goose/goose_subscriber.o build/src/sampled_values/sv_publisher.o build/src/sampled_values/sv_subscriber.o build/src/iec61850/client/client_control.o build/src/iec61850/client/client_goose_control.o build/src/iec61850/client/client_report.o build/src/iec61850/client/client_report_control.o build/src/iec61850/client/client_sv_control.o build/src/iec61850/client/ied_connection.o build/src/iec61850/common/iec61850_common.o build/src/iec61850/server/model/cdc.o build/src/iec61850/server/model/config_file_parser.o build/src/iec61850/server/model/dynamic_model.o build/src/iec61850/server/model/model.o build/src/iec61850/server/mms_mapping/control.o build/src/iec61850/server/mms_mapping/logging.o build/src/iec61850/server/mms_mapping/mms_goose.o build/src/iec61850/server/mms_mapping/mms_mapping.o build/src/iec61850/server/mms_mapping/mms_sv.o build/src/iec61850/server/mms_mapping/reporting.o build/src/iec61850/server/impl/client_connection.o build/src/iec61850/server/impl/ied_server.o build/src/iec61850/server/impl/ied_server_config.o build/hal/socket/linux/socket_linux.o build/hal/thread/linux/thread_linux.o build/hal/ethernet/linux/ethernet_linux.o build/hal/filesystem/linux/file_provider_linux.o build/hal/time/unix/time.o build/hal/serial/linux/serial_port_linux.o build/hal/memory/lib_memory.o
#  Implicit rule search has not been done.
#  Modification time never checked.
#  File has not been updated.
#  recipe to execute (from 'Makefile', line 175):
	$(CC) $(LDFLAGS) $(DYNLIB_LDFLAGS) -shared -o $(DYN_LIB_NAME) $(LIB_OBJS) $(LDLIBS)

# Not a target:
build/src/mms/iso_mms/server/mms_domain.o:
#  Implicit rule search has not been done.
#  Modification time never checked.
#  File has not been updated.

# Not a target:
build/hal/socket/linux/socket_linux.o:
#  Implicit rule search has not been done.
#  Modification time never checked.
#  File has not been updated.

install: build/libiec61850.a
#  Implicit rule search has not been done.
#  Modification time never checked.
#  File has not been updated.
#  recipe to execute (from 'Makefile', line 183):
	mkdir -p $(INSTALL_PREFIX)/include
	mkdir -p $(INSTALL_PREFIX)/lib
	cp $(LIB_API_HEADER_FILES) $(INSTALL_PREFIX)/include
	cp $(LIB_NAME) $(INSTALL_PREFIX)/lib

# Not a target:
build/src/iec61850/server/model/config_file_parser.o:
#  Implicit rule search has not been done.
#  Modification time never checked.
#  File has not been updated.

# Not a target:
build/src/mms/iso_mms/asn1c/InitRequestDetail.o:
#  Implicit rule search has not been done.
#  Modification time never checked.
#  File has not been updated.

# Not a target:
build/src/mms/iso_mms/asn1c/Unsigned8.o:
#  Implicit rule search has not been done.
#  Modification time never checked.
#  File has not been updated.

# Not a target:
build/src/mms/iso_mms/asn1c/NativeEnumerated.o:
#  Implicit rule search has not been done.
#  Modification time never checked.
#  File has not been updated.

# Not a target:
build/src/mms/asn1/ber_integer.o:
#  Implicit rule search has not been done.
#  Modification time never checked.
#  File has not been updated.

# Not a target:
build/src/mms/iso_mms/client/mms_client_write.o:
#  Implicit rule search has not been done.
#  Modification time never checked.
#  File has not been updated.

# Not a target:
build/src/mms/iso_mms/asn1c/ServiceError.o:
#  Implicit rule search has not been done.
#  Modification time never checked.
#  File has not been updated.

# Not a target:
build/src/mms/iso_mms/asn1c/constr_CHOICE.o:
#  Implicit rule search has not been done.
#  Modification time never checked.
#  File has not been updated.

# Not a target:
build/src/mms/asn1/ber_encoder.o:
#  Implicit rule search has not been done.
#  Modification time never checked.
#  File has not been updated.

# Not a target:
build/src/mms/iso_mms/asn1c/ConfirmedResponsePdu.o:
#  Implicit rule search has not been done.
#  Modification time never checked.
#  File has not been updated.

cppcheck: lib
#  Implicit rule search has not been done.
#  Modification time never checked.
#  File has not been updated.
 
#  recipe to execute (from 'Makefile', line 157):
	cppcheck --force --std=c99 --enable=all $(LIB_INCLUDES) $(LIB_SOURCES) 2> cppcheck-output.xml

# Not a target:
build/src/mms/iso_mms/asn1c/InitiateErrorPdu.o:
#  Implicit rule search has not been done.
#  Modification time never checked.
#  File has not been updated.

# Not a target:
build/src/mms/iso_mms/asn1c/constr_TYPE.o:
#  Implicit rule search has not been done.
#  Modification time never checked.
#  File has not been updated.

# Not a target:
build/src/mms/iso_mms/asn1c/constr_SET_OF.o:
#  Implicit rule search has not been done.
#  Modification time never checked.
#  File has not been updated.

# Not a target:
build/hal/ethernet/linux/ethernet_linux.o:
#  Implicit rule search has not been done.
#  Modification time never checked.
#  File has not been updated.

# Not a target:
build/src/mms/iso_mms/server/mms_server_connection.o:
#  Implicit rule search has not been done.
#  Modification time never checked.
#  File has not been updated.

# Not a target:
build/src/mms/iso_presentation/iso_presentation.o:
#  Implicit rule search has not been done.
#  Modification time never checked.
#  File has not been updated.

# Not a target:
build/src/mms/iso_mms/asn1c/VariableAccessSpecification.o:
#  Implicit rule search has not been done.
#  Modification time never checked.
#  File has not been updated.

# Not a target:
build/src/mms/iso_mms/asn1c/MMSString.o:
#  Implicit rule search has not been done.
#  Modification time never checked.
#  File has not been updated.

# Not a target:
build/src/mms/iso_mms/asn1c/der_encoder.o:
#  Implicit rule search has not been done.
#  Modification time never checked.
#  File has not been updated.

# Not a target:
build/src/mms/iso_mms/asn1c/ReadRequest.o:
#  Implicit rule search has not been done.
#  Modification time never checked.
#  File has not been updated.

# Not a target:
build/src/mms/iso_mms/asn1c/ber_tlv_tag.o:
#  Implicit rule search has not been done.
#  Modification time never checked.
#  File has not been updated.

# Not a target:
build/src/common/map.o:
#  Implicit rule search has not been done.
#  Modification time never checked.
#  File has not been updated.

# Not a target:
build/src/mms/iso_mms/server/mms_write_service.o:
#  Implicit rule search has not been done.
#  Modification time never checked.
#  File has not been updated.

# Not a target:
build/src/mms/iso_mms/server/mms_server.o:
#  Implicit rule search has not been done.
#  Modification time never checked.
#  File has not been updated.

build/libiec61850.a: build/src/mms/iso_acse/acse.o build/src/mms/iso_presentation/iso_presentation.o build/src/mms/iso_session/iso_session.o build/src/common/buffer_chain.o build/src/common/byte_buffer.o build/src/common/conversions.o build/src/common/linked_list.o build/src/common/map.o build/src/common/mem_alloc_linked_list.o build/src/common/simple_allocator.o build/src/common/string_map.o build/src/common/string_utilities.o build/src/mms/asn1/asn1_ber_primitive_value.o build/src/mms/asn1/ber_decode.o build/src/mms/asn1/ber_encoder.o build/src/mms/asn1/ber_integer.o build/src/mms/iso_cotp/cotp.o build/src/mms/iso_mms/server/mms_access_result.o build/src/mms/iso_mms/server/mms_association_service.o build/src/mms/iso_mms/server/mms_device.o build/src/mms/iso_mms/server/mms_domain.o build/src/mms/iso_mms/server/mms_file_service.o build/src/mms/iso_mms/server/mms_get_namelist_service.o build/src/mms/iso_mms/server/mms_get_var_access_service.o build/src/mms/iso_mms/server/mms_identify_service.o build/src/mms/iso_mms/server/mms_information_report.o build/src/mms/iso_mms/server/mms_journal.o build/src/mms/iso_mms/server/mms_journal_service.o build/src/mms/iso_mms/server/mms_named_variable_list.o build/src/mms/iso_mms/server/mms_named_variable_list_service.o build/src/mms/iso_mms/server/mms_read_service.o build/src/mms/iso_mms/server/mms_server.o build/src/mms/iso_mms/server/mms_server_common.o build/src/mms/iso_mms/server/mms_server_connection.o build/src/mms/iso_mms/server/mms_status_service.o build/src/mms/iso_mms/server/mms_value_cache.o build/src/mms/iso_mms/server/mms_write_service.o build/src/mms/iso_mms/client/mms_client_common.o build/src/mms/iso_mms/client/mms_client_connection.o build/src/mms/iso_mms/client/mms_client_files.o build/src/mms/iso_mms/client/mms_client_get_namelist.o build/src/mms/iso_mms/client/mms_client_get_var_access.o build/src/mms/iso_mms/client/mms_client_identify.o build/src/mms/iso_mms/client/mms_client_initiate.o build/src/mms/iso_mms/client/mms_client_journals.o build/src/mms/iso_mms/client/mms_client_named_variable_list.o build/src/mms/iso_mms/client/mms_client_read.o build/src/mms/iso_mms/client/mms_client_status.o build/src/mms/iso_mms/client/mms_client_write.o build/src/mms/iso_client/iso_client_connection.o build/src/mms/iso_common/iso_connection_parameters.o build/src/mms/iso_mms/common/mms_common_msg.o build/src/mms/iso_mms/common/mms_type_spec.o build/src/mms/iso_mms/common/mms_value.o build/src/mms/iso_mms/asn1c/AccessResult.o build/src/mms/iso_mms/asn1c/Address.o build/src/mms/iso_mms/asn1c/AlternateAccess.o build/src/mms/iso_mms/asn1c/AlternateAccessSelection.o build/src/mms/iso_mms/asn1c/BIT_STRING.o build/src/mms/iso_mms/asn1c/BOOLEAN.o build/src/mms/iso_mms/asn1c/ConcludeRequestPDU.o build/src/mms/iso_mms/asn1c/ConcludeResponsePDU.o build/src/mms/iso_mms/asn1c/ConfirmedErrorPDU.o build/src/mms/iso_mms/asn1c/ConfirmedRequestPdu.o build/src/mms/iso_mms/asn1c/ConfirmedResponsePdu.o build/src/mms/iso_mms/asn1c/ConfirmedServiceRequest.o build/src/mms/iso_mms/asn1c/ConfirmedServiceResponse.o build/src/mms/iso_mms/asn1c/Data.o build/src/mms/iso_mms/asn1c/DataAccessError.o build/src/mms/iso_mms/asn1c/DataSequence.o build/src/mms/iso_mms/asn1c/DefineNamedVariableListRequest.o build/src/mms/iso_mms/asn1c/DefineNamedVariableListResponse.o build/src/mms/iso_mms/asn1c/DeleteNamedVariableListRequest.o build/src/mms/iso_mms/asn1c/DeleteNamedVariableListResponse.o build/src/mms/iso_mms/asn1c/FloatingPoint.o build/src/mms/iso_mms/asn1c/GeneralizedTime.o build/src/mms/iso_mms/asn1c/GetNameListRequest.o build/src/mms/iso_mms/asn1c/GetNameListResponse.o build/src/mms/iso_mms/asn1c/GetNamedVariableListAttributesRequest.o build/src/mms/iso_mms/asn1c/GetNamedVariableListAttributesResponse.o build/src/mms/iso_mms/asn1c/GetVariableAccessAttributesRequest.o build/src/mms/iso_mms/asn1c/GetVariableAccessAttributesResponse.o build/src/mms/iso_mms/asn1c/INTEGER.o build/src/mms/iso_mms/asn1c/Identifier.o build/src/mms/iso_mms/asn1c/IndexRangeSeq.o build/src/mms/iso_mms/asn1c/InformationReport.o build/src/mms/iso_mms/asn1c/InitRequestDetail.o build/src/mms/iso_mms/asn1c/InitResponseDetail.o build/src/mms/iso_mms/asn1c/InitiateErrorPdu.o build/src/mms/iso_mms/asn1c/InitiateRequestPdu.o build/src/mms/iso_mms/asn1c/InitiateResponsePdu.o build/src/mms/iso_mms/asn1c/Integer16.o build/src/mms/iso_mms/asn1c/Integer32.o build/src/mms/iso_mms/asn1c/Integer8.o build/src/mms/iso_mms/asn1c/ListOfVariableSeq.o build/src/mms/iso_mms/asn1c/MMSString.o build/src/mms/iso_mms/asn1c/MmsPdu.o build/src/mms/iso_mms/asn1c/NULL.o build/src/mms/iso_mms/asn1c/NativeEnumerated.o build/src/mms/iso_mms/asn1c/NativeInteger.o build/src/mms/iso_mms/asn1c/OCTET_STRING.o build/src/mms/iso_mms/asn1c/ObjectClass.o build/src/mms/iso_mms/asn1c/ObjectName.o build/src/mms/iso_mms/asn1c/ParameterSupportOptions.o build/src/mms/iso_mms/asn1c/ReadRequest.o build/src/mms/iso_mms/asn1c/ReadResponse.o build/src/mms/iso_mms/asn1c/RejectPDU.o build/src/mms/iso_mms/asn1c/ScatteredAccessDescription.o build/src/mms/iso_mms/asn1c/ServiceError.o build/src/mms/iso_mms/asn1c/ServiceSupportOptions.o build/src/mms/iso_mms/asn1c/StructComponent.o build/src/mms/iso_mms/asn1c/TimeOfDay.o build/src/mms/iso_mms/asn1c/TypeSpecification.o build/src/mms/iso_mms/asn1c/UTF8String.o build/src/mms/iso_mms/asn1c/UnconfirmedPDU.o build/src/mms/iso_mms/asn1c/UnconfirmedService.o build/src/mms/iso_mms/asn1c/Unsigned16.o build/src/mms/iso_mms/asn1c/Unsigned32.o build/src/mms/iso_mms/asn1c/Unsigned8.o build/src/mms/iso_mms/asn1c/UtcTime.o build/src/mms/iso_mms/asn1c/VariableAccessSpecification.o build/src/mms/iso_mms/asn1c/VariableSpecification.o build/src/mms/iso_mms/asn1c/VisibleString.o build/src/mms/iso_mms/asn1c/WriteRequest.o build/src/mms/iso_mms/asn1c/WriteResponse.o build/src/mms/iso_mms/asn1c/asn_SEQUENCE_OF.o build/src/mms/iso_mms/asn1c/asn_SET_OF.o build/src/mms/iso_mms/asn1c/asn_codecs_prim.o build/src/mms/iso_mms/asn1c/ber_decoder.o build/src/mms/iso_mms/asn1c/ber_tlv_length.o build/src/mms/iso_mms/asn1c/ber_tlv_tag.o build/src/mms/iso_mms/asn1c/constr_CHOICE.o build/src/mms/iso_mms/asn1c/constr_SEQUENCE.o build/src/mms/iso_mms/asn1c/constr_SEQUENCE_OF.o build/src/mms/iso_mms/asn1c/constr_SET_OF.o build/src/mms/iso_mms/asn1c/constr_TYPE.o build/src/mms/iso_mms/asn1c/constraints.o build/src/mms/iso_mms/asn1c/der_encoder.o build/src/mms/iso_mms/asn1c/per_decoder.o build/src/mms/iso_mms/asn1c/per_encoder.o build/src/mms/iso_mms/asn1c/per_support.o build/src/mms/iso_mms/asn1c/xer_decoder.o build/src/mms/iso_mms/asn1c/xer_encoder.o build/src/mms/iso_mms/asn1c/xer_support.o build/src/mms/iso_server/iso_connection.o build/src/mms/iso_server/iso_server.o build/src/logging/log_storage.o build/src/goose/goose_publisher.o build/src/goose/goose_receiver.o build/src/goose/goose_subscriber.o build/src/sampled_values/sv_publisher.o build/src/sampled_values/sv_subscriber.o build/src/iec61850/client/client_control.o build/src/iec61850/client/client_goose_control.o build/src/iec61850/client/client_report.o build/src/iec61850/client/client_report_control.o build/src/iec61850/client/client_sv_control.o build/src/iec61850/client/ied_connection.o build/src/iec61850/common/iec61850_common.o build/src/iec61850/server/model/cdc.o build/src/iec61850/server/model/config_file_parser.o build/src/iec61850/server/model/dynamic_model.o build/src/iec61850/server/model/model.o build/src/iec61850/server/mms_mapping/control.o build/src/iec61850/server/mms_mapping/logging.o build/src/iec61850/server/mms_mapping/mms_goose.o build/src/iec61850/server/mms_mapping/mms_mapping.o build/src/iec61850/server/mms_mapping/mms_sv.o build/src/iec61850/server/mms_mapping/reporting.o build/src/iec61850/server/impl/client_connection.o build/src/iec61850/server/impl/ied_server.o build/src/iec61850/server/impl/ied_server_config.o build/hal/socket/linux/socket_linux.o build/hal/thread/linux/thread_linux.o build/hal/ethernet/linux/ethernet_linux.o build/hal/filesystem/linux/file_provider_linux.o build/hal/time/unix/time.o build/hal/serial/linux/serial_port_linux.o build/hal/memory/lib_memory.o
#  Implicit rule search has not been done.
#  File does not exist.
#  File has been updated.
#  Needs to be updated (-q is set).
# variable set hash-table stats:
# Load=0/32=0%, Rehash=0, Collisions=0/10=0%
#  recipe to execute (from 'Makefile', line 171):
	$(AR) r $(LIB_NAME) $(LIB_OBJS)
	$(RANLIB) $(LIB_NAME)
	

.PHONY: examples
#  Implicit rule search has not been done.
#  Modification time never checked.
#  File has not been updated.

# Not a target:
build/src/mms/iso_mms/asn1c/BOOLEAN.o:
#  Implicit rule search has not been done.
#  Modification time never checked.
#  File has not been updated.

# Not a target:
build/src/mms/asn1/asn1_ber_primitive_value.o:
#  Implicit rule search has not been done.
#  Modification time never checked.
#  File has not been updated.

# Not a target:
build/src/mms/iso_mms/asn1c/DefineNamedVariableListResponse.o:
#  Implicit rule search has not been done.
#  Modification time never checked.
#  File has not been updated.

# Not a target:
build/src/common/linked_list.o:
#  Implicit rule search has not been done.
#  Modification time never checked.
#  File has not been updated.

# Not a target:
build/src/mms/iso_mms/asn1c/UnconfirmedPDU.o:
#  Implicit rule search has not been done.
#  Modification time never checked.
#  File has not been updated.

# Not a target:
build/src/mms/iso_mms/asn1c/GetNameListRequest.o:
#  Implicit rule search has not been done.
#  Modification time never checked.
#  File has not been updated.

# Not a target:
build/src/mms/iso_mms/server/mms_information_report.o:
#  Implicit rule search has not been done.
#  Modification time never checked.
#  File has not been updated.

# Not a target:
build/src/mms/iso_mms/asn1c/Integer32.o:
#  Implicit rule search has not been done.
#  Modification time never checked.
#  File has not been updated.

# makefile (from 'Makefile', line 161)
dynlib: CFLAGS += -fPIC
dynlib: build/libiec61850.so
#  Implicit rule search has not been done.
#  Modification time never checked.
#  File has not been updated.
# variable set hash-table stats:
# Load=1/32=3%, Rehash=0, Collisions=0/3=0%

# Not a target:
build/src/iec61850/server/impl/client_connection.o:
#  Implicit rule search has not been done.
#  Modification time never checked.
#  File has not been updated.

# Not a target:
build/src/mms/iso_mms/asn1c/TypeSpecification.o:
#  Implicit rule search has not been done.
#  Modification time never checked.
#  File has not been updated.

# Not a target:
build/src/mms/iso_mms/asn1c/Data.o:
#  Implicit rule search has not been done.
#  Modification time never checked.
#  File has not been updated.

# Not a target:
build/src/mms/iso_mms/asn1c/ConfirmedServiceRequest.o:
#  Implicit rule search has not been done.
#  Modification time never checked.
#  File has not been updated.

# Not a target:
build/src/mms/iso_mms/asn1c/IndexRangeSeq.o:
#  Implicit rule search has not been done.
#  Modification time never checked.
#  File has not been updated.

# Not a target:
build/src/sampled_values/sv_subscriber.o:
#  Implicit rule search has not been done.
#  Modification time never checked.
#  File has not been updated.

# Not a target:
build/src/mms/iso_mms/asn1c/DeleteNamedVariableListRequest.o:
#  Implicit rule search has not been done.
#  Modification time never checked.
#  File has not been updated.

# Not a target:
build/src/iec61850/server/model/dynamic_model.o:
#  Implicit rule search has not been done.
#  Modification time never checked.
#  File has not been updated.

# Not a target:
build/src/mms/iso_mms/asn1c/DefineNamedVariableListRequest.o:
#  Implicit rule search has not been done.
#  Modification time never checked.
#  File has not been updated.

# Not a target:
build/src/mms/iso_mms/asn1c/ObjectName.o:
#  Implicit rule search has not been done.
#  Modification time never checked.
#  File has not been updated.

# Not a target:
build/src/goose/goose_receiver.o:
#  Implicit rule search has not been done.
#  Modification time never checked.
#  File has not been updated.

# Not a target:
build/src/mms/iso_mms/asn1c/DeleteNamedVariableListResponse.o:
#  Implicit rule search has not been done.
#  Modification time never checked.
#  File has not been updated.

# files hash-table stats:
# Load=196/1024=19%, Rehash=0, Collisions=79/584=14%
# VPATH Search Paths

# No 'vpath' search paths.

# No general ('VPATH' variable) search path.

# strcache buffers: 2 (1) / strings = 528 / storage = 14195 B / avg = 26 B
# current buf: size = 8162 B / used = 6034 B / count = 137 / avg = 44 B
# other used: total = 8161 B / count = 391 / avg = 20 B
# other free: total = 1 B / max = 1 B / min = 1 B / avg = 1 B

# strcache performance: lookups = 796 / hit rate = 33%
# hash-table stats:
# Load=528/8192=6%, Rehash=0, Collisions=39/796=5%
# Finished Make data base on Sun Jul 24 23:32:16 2022

 
